<?xml version="1.0" encoding="UTF-8"?>
<!-- Generated by org.testng.reporters.JUnitXMLReporter -->
<testsuite hostname="GUEST090" failures="1" tests="1" name="FirefoxTest" time="85.196" errors="0" timestamp="23 Mar 2020 10:25:20 GMT">
  <testcase classname="Running.ExecutionTest" name="testcases" time="85.087">
    <failure type="java.lang.NullPointerException">
      <![CDATA[java.lang.NullPointerException
	at Running.Final.testing(Final.java:258)
	at Running.ExecutionTest.testcases(ExecutionTest.java:38)
	at java.base/java.util.concurrent.FutureTask.run(Unknown Source)
	at java.base/java.util.concurrent.ThreadPoolExecutor.runWorker(Unknown Source)
	at java.base/java.util.concurrent.ThreadPoolExecutor$Worker.run(Unknown Source)
	at java.base/java.lang.Thread.run(Unknown Source)
... Removed 16 stack frames]]>
    </failure>
  </testcase> <!-- testcases -->
</testsuite> <!-- FirefoxTest -->
