<?xml version="1.0" encoding="UTF-8"?>
<testng-results total="2" passed="1" failed="1" skipped="0">
  <reporter-output>
  </reporter-output>
  <suite started-at="2020-03-23T10:23:55Z" name="Suite" finished-at="2020-03-23T10:26:41Z" duration-ms="166660">
    <groups>
    </groups>
    <test started-at="2020-03-23T10:23:55Z" name="FirefoxTest" finished-at="2020-03-23T10:25:20Z" duration-ms="85196">
      <class name="Running.ExecutionTest">
        <test-method is-config="true" signature="setup(java.lang.String, java.lang.String, java.lang.String)[pri:0, instance:Running.ExecutionTest@d21a74c]" started-at="2020-03-23T15:53:55Z" name="setup" finished-at="2020-03-23T15:53:55Z" duration-ms="85" status="PASS">
          <params>
            <param index="0">
              <value>
                <![CDATA[firefox]]>
              </value>
            </param>
            <param index="1">
              <value>
                <![CDATA[D:/office/WebDrivers/geckodriver.exe]]>
              </value>
            </param>
            <param index="2">
              <value>
                <![CDATA[D:/UploadFilesDemo/Freshworks.xlsx]]>
              </value>
            </param>
          </params>
          <reporter-output>
          </reporter-output>
        </test-method> <!-- setup -->
        <test-method signature="testcases()[pri:0, instance:Running.ExecutionTest@d21a74c]" started-at="2020-03-23T15:53:55Z" name="testcases" finished-at="2020-03-23T15:55:20Z" duration-ms="85087" status="FAIL">
          <exception class="java.lang.NullPointerException">
            <full-stacktrace>
              <![CDATA[java.lang.NullPointerException
	at Running.Final.testing(Final.java:258)
	at Running.ExecutionTest.testcases(ExecutionTest.java:38)
	at java.base/jdk.internal.reflect.NativeMethodAccessorImpl.invoke0(Native Method)
	at java.base/jdk.internal.reflect.NativeMethodAccessorImpl.invoke(Unknown Source)
	at java.base/jdk.internal.reflect.DelegatingMethodAccessorImpl.invoke(Unknown Source)
	at java.base/java.lang.reflect.Method.invoke(Unknown Source)
	at org.testng.internal.MethodInvocationHelper.invokeMethod(MethodInvocationHelper.java:84)
	at org.testng.internal.Invoker.invokeMethod(Invoker.java:714)
	at org.testng.internal.Invoker.invokeTestMethod(Invoker.java:901)
	at org.testng.internal.Invoker.invokeTestMethods(Invoker.java:1231)
	at org.testng.internal.TestMethodWorker.invokeTestMethods(TestMethodWorker.java:127)
	at org.testng.internal.TestMethodWorker.run(TestMethodWorker.java:111)
	at org.testng.TestRunner.privateRun(TestRunner.java:767)
	at org.testng.TestRunner.run(TestRunner.java:617)
	at org.testng.SuiteRunner.runTest(SuiteRunner.java:334)
	at org.testng.SuiteRunner.access$000(SuiteRunner.java:37)
	at org.testng.SuiteRunner$SuiteWorker.run(SuiteRunner.java:368)
	at org.testng.internal.thread.ThreadUtil$2.call(ThreadUtil.java:64)
	at java.base/java.util.concurrent.FutureTask.run(Unknown Source)
	at java.base/java.util.concurrent.ThreadPoolExecutor.runWorker(Unknown Source)
	at java.base/java.util.concurrent.ThreadPoolExecutor$Worker.run(Unknown Source)
	at java.base/java.lang.Thread.run(Unknown Source)
]]>
            </full-stacktrace>
          </exception> <!-- java.lang.NullPointerException -->
          <reporter-output>
          </reporter-output>
        </test-method> <!-- testcases -->
      </class> <!-- Running.ExecutionTest -->
    </test> <!-- FirefoxTest -->
    <test started-at="2020-03-23T10:23:55Z" name="ChromeTest" finished-at="2020-03-23T10:26:41Z" duration-ms="166660">
      <class name="Running.ExecutionTest">
        <test-method is-config="true" signature="setup(java.lang.String, java.lang.String, java.lang.String)[pri:0, instance:Running.ExecutionTest@5aebe890]" started-at="2020-03-23T15:53:55Z" name="setup" finished-at="2020-03-23T15:53:55Z" duration-ms="85" status="PASS">
          <params>
            <param index="0">
              <value>
                <![CDATA[chrome]]>
              </value>
            </param>
            <param index="1">
              <value>
                <![CDATA[D:/office/WebDrivers/chromedriver.exe]]>
              </value>
            </param>
            <param index="2">
              <value>
                <![CDATA[D:/UploadFilesDemo/Kohler.xlsx]]>
              </value>
            </param>
          </params>
          <reporter-output>
          </reporter-output>
        </test-method> <!-- setup -->
        <test-method signature="testcases()[pri:0, instance:Running.ExecutionTest@5aebe890]" started-at="2020-03-23T15:53:55Z" name="testcases" finished-at="2020-03-23T15:56:41Z" duration-ms="166556" status="PASS">
          <reporter-output>
          </reporter-output>
        </test-method> <!-- testcases -->
      </class> <!-- Running.ExecutionTest -->
    </test> <!-- ChromeTest -->
  </suite> <!-- Suite -->
</testng-results>
